{"C:\\Users\\Vinicius\\Documents\\Studies\\boleto-api\\src\\app.js": {"path":"C:\\Users\\Vinicius\\Documents\\Studies\\boleto-api\\src\\app.js","statementMap":{"0":{"start":{"line":1,"column":16},"end":{"line":1,"column":34}},"1":{"start":{"line":5,"column":4},"end":{"line":5,"column":29}},"2":{"start":{"line":6,"column":4},"end":{"line":6,"column":18}},"3":{"start":{"line":10,"column":4},"end":{"line":10,"column":42}},"4":{"start":{"line":14,"column":0},"end":{"line":14,"column":48}}},"fnMap":{"0":{"name":"(anonymous_0)","decl":{"start":{"line":4,"column":2},"end":{"line":4,"column":3}},"loc":{"start":{"line":4,"column":16},"end":{"line":7,"column":3}},"line":4},"1":{"name":"(anonymous_1)","decl":{"start":{"line":9,"column":2},"end":{"line":9,"column":3}},"loc":{"start":{"line":9,"column":11},"end":{"line":11,"column":3}},"line":9}},"branchMap":{},"s":{"0":1,"1":1,"2":1,"3":1,"4":1},"f":{"0":1,"1":1},"b":{},"_coverageSchema":"1a1c01bbd47fc00a2c39e90264f33305004495a9","hash":"7a2d50908940551388f18f620f727d7bbc7637fb"}
,"C:\\Users\\Vinicius\\Documents\\Studies\\boleto-api\\src\\routes.js": {"path":"C:\\Users\\Vinicius\\Documents\\Studies\\boleto-api\\src\\routes.js","statementMap":{"0":{"start":{"line":1,"column":15},"end":{"line":1,"column":42}},"1":{"start":{"line":2,"column":15},"end":{"line":2,"column":55}},"2":{"start":{"line":4,"column":0},"end":{"line":4,"column":44}},"3":{"start":{"line":6,"column":0},"end":{"line":6,"column":24}}},"fnMap":{},"branchMap":{},"s":{"0":1,"1":1,"2":1,"3":1},"f":{},"b":{},"_coverageSchema":"1a1c01bbd47fc00a2c39e90264f33305004495a9","hash":"9ad636e99ede21ec6d98802a02abef001527171c"}
,"C:\\Users\\Vinicius\\Documents\\Studies\\boleto-api\\src\\controller\\boletoController.js": {"path":"C:\\Users\\Vinicius\\Documents\\Studies\\boleto-api\\src\\controller\\boletoController.js","statementMap":{"0":{"start":{"line":1,"column":25},"end":{"line":1,"column":75}},"1":{"start":{"line":2,"column":20},"end":{"line":2,"column":75}},"2":{"start":{"line":3,"column":28},"end":{"line":3,"column":81}},"3":{"start":{"line":4,"column":23},"end":{"line":4,"column":78}},"4":{"start":{"line":6,"column":19},"end":{"line":6,"column":70}},"5":{"start":{"line":8,"column":0},"end":{"line":34,"column":2}},"6":{"start":{"line":10,"column":20},"end":{"line":10,"column":35}},"7":{"start":{"line":13,"column":6},"end":{"line":15,"column":38}},"8":{"start":{"line":17,"column":16},"end":{"line":17,"column":18}},"9":{"start":{"line":19,"column":4},"end":{"line":32,"column":5}},"10":{"start":{"line":20,"column":6},"end":{"line":22,"column":56}},"11":{"start":{"line":24,"column":6},"end":{"line":29,"column":7}},"12":{"start":{"line":25,"column":8},"end":{"line":25,"column":42}},"13":{"start":{"line":27,"column":8},"end":{"line":28,"column":85}},"14":{"start":{"line":31,"column":6},"end":{"line":31,"column":34}}},"fnMap":{"0":{"name":"(anonymous_0)","decl":{"start":{"line":9,"column":11},"end":{"line":9,"column":12}},"loc":{"start":{"line":9,"column":31},"end":{"line":33,"column":3}},"line":9}},"branchMap":{"0":{"loc":{"start":{"line":13,"column":6},"end":{"line":15,"column":38}},"type":"cond-expr","locations":[{"start":{"line":14,"column":10},"end":{"line":14,"column":35}},{"start":{"line":15,"column":10},"end":{"line":15,"column":38}}],"line":13},"1":{"loc":{"start":{"line":19,"column":4},"end":{"line":32,"column":5}},"type":"if","locations":[{"start":{"line":19,"column":4},"end":{"line":32,"column":5}},{"start":{"line":23,"column":11},"end":{"line":32,"column":5}}],"line":19},"2":{"loc":{"start":{"line":19,"column":8},"end":{"line":19,"column":63}},"type":"binary-expr","locations":[{"start":{"line":19,"column":8},"end":{"line":19,"column":36}},{"start":{"line":19,"column":40},"end":{"line":19,"column":63}}],"line":19},"3":{"loc":{"start":{"line":20,"column":6},"end":{"line":22,"column":55}},"type":"cond-expr","locations":[{"start":{"line":21,"column":10},"end":{"line":21,"column":52}},{"start":{"line":22,"column":10},"end":{"line":22,"column":55}}],"line":20},"4":{"loc":{"start":{"line":24,"column":6},"end":{"line":29,"column":7}},"type":"if","locations":[{"start":{"line":24,"column":6},"end":{"line":29,"column":7}},{"start":{"line":26,"column":13},"end":{"line":29,"column":7}}],"line":24}},"s":{"0":1,"1":1,"2":1,"3":1,"4":1,"5":1,"6":12,"7":12,"8":12,"9":12,"10":6,"11":6,"12":3,"13":3,"14":6},"f":{"0":12},"b":{"0":[12,0],"1":[6,6],"2":[12,9],"3":[6,0],"4":[3,3]},"_coverageSchema":"1a1c01bbd47fc00a2c39e90264f33305004495a9","hash":"a41f9734d606bb331adccf89ea4e3a1ceb7b855a"}
,"C:\\Users\\Vinicius\\Documents\\Studies\\boleto-api\\src\\services\\covenantService\\barCodeService.js": {"path":"C:\\Users\\Vinicius\\Documents\\Studies\\boleto-api\\src\\services\\covenantService\\barCodeService.js","statementMap":{"0":{"start":{"line":1,"column":18},"end":{"line":1,"column":66}},"1":{"start":{"line":2,"column":26},"end":{"line":2,"column":76}},"2":{"start":{"line":6,"column":0},"end":{"line":33,"column":2}},"3":{"start":{"line":7,"column":17},"end":{"line":7,"column":37}},"4":{"start":{"line":8,"column":25},"end":{"line":8,"column":54}},"5":{"start":{"line":10,"column":17},"end":{"line":10,"column":38}},"6":{"start":{"line":11,"column":25},"end":{"line":11,"column":54}},"7":{"start":{"line":13,"column":17},"end":{"line":13,"column":38}},"8":{"start":{"line":14,"column":25},"end":{"line":14,"column":54}},"9":{"start":{"line":16,"column":17},"end":{"line":16,"column":38}},"10":{"start":{"line":17,"column":25},"end":{"line":17,"column":54}},"11":{"start":{"line":19,"column":2},"end":{"line":32,"column":3}},"12":{"start":{"line":25,"column":4},"end":{"line":25,"column":17}},"13":{"start":{"line":27,"column":17},"end":{"line":27,"column":50}},"14":{"start":{"line":29,"column":23},"end":{"line":29,"column":46}},"15":{"start":{"line":31,"column":4},"end":{"line":31,"column":22}}},"fnMap":{"0":{"name":"barCodeService","decl":{"start":{"line":6,"column":26},"end":{"line":6,"column":40}},"loc":{"start":{"line":6,"column":46},"end":{"line":33,"column":1}},"line":6}},"branchMap":{"0":{"loc":{"start":{"line":19,"column":2},"end":{"line":32,"column":3}},"type":"if","locations":[{"start":{"line":19,"column":2},"end":{"line":32,"column":3}},{"start":{"line":26,"column":9},"end":{"line":32,"column":3}}],"line":19},"1":{"loc":{"start":{"line":20,"column":4},"end":{"line":23,"column":38}},"type":"binary-expr","locations":[{"start":{"line":20,"column":4},"end":{"line":20,"column":38}},{"start":{"line":21,"column":4},"end":{"line":21,"column":38}},{"start":{"line":22,"column":4},"end":{"line":22,"column":38}},{"start":{"line":23,"column":4},"end":{"line":23,"column":38}}],"line":20}},"s":{"0":1,"1":1,"2":1,"3":1,"4":1,"5":1,"6":1,"7":1,"8":1,"9":1,"10":1,"11":1,"12":1,"13":0,"14":0,"15":0},"f":{"0":1},"b":{"0":[1,0],"1":[1,0,0,0]},"_coverageSchema":"1a1c01bbd47fc00a2c39e90264f33305004495a9","hash":"a944f3c4090f824fb06824263b6cfddca2c082c2"}
,"C:\\Users\\Vinicius\\Documents\\Studies\\boleto-api\\src\\services\\titleService\\barCodeService.js": {"path":"C:\\Users\\Vinicius\\Documents\\Studies\\boleto-api\\src\\services\\titleService\\barCodeService.js","statementMap":{"0":{"start":{"line":1,"column":18},"end":{"line":1,"column":60}},"1":{"start":{"line":2,"column":23},"end":{"line":2,"column":70}},"2":{"start":{"line":6,"column":0},"end":{"line":37,"column":2}},"3":{"start":{"line":7,"column":17},"end":{"line":7,"column":36}},"4":{"start":{"line":8,"column":25},"end":{"line":8,"column":53}},"5":{"start":{"line":10,"column":17},"end":{"line":10,"column":38}},"6":{"start":{"line":11,"column":25},"end":{"line":11,"column":54}},"7":{"start":{"line":13,"column":17},"end":{"line":13,"column":38}},"8":{"start":{"line":14,"column":25},"end":{"line":14,"column":54}},"9":{"start":{"line":16,"column":2},"end":{"line":21,"column":17}},"10":{"start":{"line":21,"column":4},"end":{"line":21,"column":17}},"11":{"start":{"line":23,"column":15},"end":{"line":23,"column":34}},"12":{"start":{"line":24,"column":13},"end":{"line":24,"column":34}},"13":{"start":{"line":25,"column":25},"end":{"line":25,"column":46}},"14":{"start":{"line":26,"column":16},"end":{"line":26,"column":58}},"15":{"start":{"line":27,"column":21},"end":{"line":27,"column":40}},"16":{"start":{"line":28,"column":21},"end":{"line":28,"column":42}},"17":{"start":{"line":29,"column":21},"end":{"line":29,"column":42}},"18":{"start":{"line":32,"column":4},"end":{"line":32,"column":77}},"19":{"start":{"line":34,"column":2},"end":{"line":34,"column":52}},"20":{"start":{"line":34,"column":39},"end":{"line":34,"column":52}},"21":{"start":{"line":36,"column":2},"end":{"line":36,"column":20}}},"fnMap":{"0":{"name":"barCodeService","decl":{"start":{"line":6,"column":26},"end":{"line":6,"column":40}},"loc":{"start":{"line":6,"column":46},"end":{"line":37,"column":1}},"line":6}},"branchMap":{"0":{"loc":{"start":{"line":16,"column":2},"end":{"line":21,"column":17}},"type":"if","locations":[{"start":{"line":16,"column":2},"end":{"line":21,"column":17}},{"start":{},"end":{}}],"line":16},"1":{"loc":{"start":{"line":17,"column":4},"end":{"line":19,"column":38}},"type":"binary-expr","locations":[{"start":{"line":17,"column":4},"end":{"line":17,"column":38}},{"start":{"line":18,"column":4},"end":{"line":18,"column":38}},{"start":{"line":19,"column":4},"end":{"line":19,"column":38}}],"line":17},"2":{"loc":{"start":{"line":34,"column":2},"end":{"line":34,"column":52}},"type":"if","locations":[{"start":{"line":34,"column":2},"end":{"line":34,"column":52}},{"start":{},"end":{}}],"line":34}},"s":{"0":1,"1":1,"2":1,"3":18,"4":18,"5":18,"6":18,"7":18,"8":18,"9":18,"10":0,"11":18,"12":18,"13":18,"14":18,"15":18,"16":18,"17":18,"18":18,"19":18,"20":6,"21":12},"f":{"0":18},"b":{"0":[0,18],"1":[18,18,18],"2":[6,12]},"_coverageSchema":"1a1c01bbd47fc00a2c39e90264f33305004495a9","hash":"18852d3967744c39a90698310906696f1946066c"}
,"C:\\Users\\Vinicius\\Documents\\Studies\\boleto-api\\src\\services\\titleService\\boletoResultService.js": {"path":"C:\\Users\\Vinicius\\Documents\\Studies\\boleto-api\\src\\services\\titleService\\boletoResultService.js","statementMap":{"0":{"start":{"line":1,"column":23},"end":{"line":1,"column":50}},"1":{"start":{"line":2,"column":25},"end":{"line":2,"column":54}},"2":{"start":{"line":3,"column":30},"end":{"line":3,"column":64}},"3":{"start":{"line":5,"column":0},"end":{"line":17,"column":2}},"4":{"start":{"line":6,"column":23},"end":{"line":6,"column":42}},"5":{"start":{"line":7,"column":17},"end":{"line":7,"column":38}},"6":{"start":{"line":8,"column":25},"end":{"line":8,"column":51}},"7":{"start":{"line":10,"column":15},"end":{"line":14,"column":3}},"8":{"start":{"line":16,"column":2},"end":{"line":16,"column":16}}},"fnMap":{"0":{"name":"getResult","decl":{"start":{"line":5,"column":26},"end":{"line":5,"column":35}},"loc":{"start":{"line":5,"column":41},"end":{"line":17,"column":1}},"line":5}},"branchMap":{},"s":{"0":1,"1":1,"2":1,"3":1,"4":6,"5":6,"6":6,"7":6,"8":6},"f":{"0":6},"b":{},"_coverageSchema":"1a1c01bbd47fc00a2c39e90264f33305004495a9","hash":"d82c662f89cd707e46964201f6bd78190b37b28a"}
,"C:\\Users\\Vinicius\\Documents\\Studies\\boleto-api\\src\\services\\titleService\\expirationDateService.js": {"path":"C:\\Users\\Vinicius\\Documents\\Studies\\boleto-api\\src\\services\\titleService\\expirationDateService.js","statementMap":{"0":{"start":{"line":1,"column":0},"end":{"line":15,"column":2}},"1":{"start":{"line":2,"column":15},"end":{"line":4,"column":3}},"2":{"start":{"line":5,"column":23},"end":{"line":5,"column":45}},"3":{"start":{"line":6,"column":2},"end":{"line":6,"column":58}},"4":{"start":{"line":8,"column":14},"end":{"line":8,"column":38}},"5":{"start":{"line":9,"column":16},"end":{"line":9,"column":53}},"6":{"start":{"line":10,"column":15},"end":{"line":10,"column":43}},"7":{"start":{"line":12,"column":2},"end":{"line":14,"column":62}}},"fnMap":{"0":{"name":"getDate","decl":{"start":{"line":1,"column":26},"end":{"line":1,"column":33}},"loc":{"start":{"line":1,"column":39},"end":{"line":15,"column":1}},"line":1}},"branchMap":{"0":{"loc":{"start":{"line":12,"column":9},"end":{"line":14,"column":61}},"type":"cond-expr","locations":[{"start":{"line":13,"column":6},"end":{"line":13,"column":62}},{"start":{"line":14,"column":6},"end":{"line":14,"column":61}}],"line":12}},"s":{"0":1,"1":6,"2":6,"3":6,"4":6,"5":6,"6":6,"7":6},"f":{"0":6},"b":{"0":[0,6]},"_coverageSchema":"1a1c01bbd47fc00a2c39e90264f33305004495a9","hash":"d29f13d2d2a1f66071b2ab16d2b9b6c32fdfc550"}
,"C:\\Users\\Vinicius\\Documents\\Studies\\boleto-api\\src\\services\\titleService\\getAmountService.js": {"path":"C:\\Users\\Vinicius\\Documents\\Studies\\boleto-api\\src\\services\\titleService\\getAmountService.js","statementMap":{"0":{"start":{"line":1,"column":0},"end":{"line":9,"column":2}},"1":{"start":{"line":2,"column":19},"end":{"line":4,"column":3}},"2":{"start":{"line":5,"column":15},"end":{"line":5,"column":56}},"3":{"start":{"line":6,"column":23},"end":{"line":6,"column":55}},"4":{"start":{"line":8,"column":2},"end":{"line":8,"column":22}}},"fnMap":{"0":{"name":"getAmount","decl":{"start":{"line":1,"column":26},"end":{"line":1,"column":35}},"loc":{"start":{"line":1,"column":41},"end":{"line":9,"column":1}},"line":1}},"branchMap":{},"s":{"0":1,"1":6,"2":6,"3":6,"4":6},"f":{"0":6},"b":{},"_coverageSchema":"1a1c01bbd47fc00a2c39e90264f33305004495a9","hash":"ff6df78a4a4e7f3e083c257cdc23894126948580"}
,"C:\\Users\\Vinicius\\Documents\\Studies\\boleto-api\\src\\services\\validators\\barCodeValidation.js": {"path":"C:\\Users\\Vinicius\\Documents\\Studies\\boleto-api\\src\\services\\validators\\barCodeValidation.js","statementMap":{"0":{"start":{"line":1,"column":0},"end":{"line":17,"column":2}},"1":{"start":{"line":2,"column":2},"end":{"line":8,"column":40}},"2":{"start":{"line":8,"column":4},"end":{"line":8,"column":40}},"3":{"start":{"line":10,"column":2},"end":{"line":11,"column":60}},"4":{"start":{"line":11,"column":4},"end":{"line":11,"column":60}},"5":{"start":{"line":13,"column":2},"end":{"line":14,"column":30}},"6":{"start":{"line":14,"column":4},"end":{"line":14,"column":30}},"7":{"start":{"line":16,"column":2},"end":{"line":16,"column":14}}},"fnMap":{"0":{"name":"barCodeValidation","decl":{"start":{"line":1,"column":26},"end":{"line":1,"column":43}},"loc":{"start":{"line":1,"column":49},"end":{"line":17,"column":1}},"line":1}},"branchMap":{"0":{"loc":{"start":{"line":2,"column":2},"end":{"line":8,"column":40}},"type":"if","locations":[{"start":{"line":2,"column":2},"end":{"line":8,"column":40}},{"start":{},"end":{}}],"line":2},"1":{"loc":{"start":{"line":3,"column":4},"end":{"line":6,"column":52}},"type":"binary-expr","locations":[{"start":{"line":3,"column":4},"end":{"line":3,"column":19}},{"start":{"line":4,"column":4},"end":{"line":4,"column":19}},{"start":{"line":5,"column":5},"end":{"line":5,"column":21}},{"start":{"line":5,"column":25},"end":{"line":5,"column":52}},{"start":{"line":6,"column":5},"end":{"line":6,"column":20}},{"start":{"line":6,"column":24},"end":{"line":6,"column":51}}],"line":3},"2":{"loc":{"start":{"line":10,"column":2},"end":{"line":11,"column":60}},"type":"if","locations":[{"start":{"line":10,"column":2},"end":{"line":11,"column":60}},{"start":{},"end":{}}],"line":10},"3":{"loc":{"start":{"line":13,"column":2},"end":{"line":14,"column":30}},"type":"if","locations":[{"start":{"line":13,"column":2},"end":{"line":14,"column":30}},{"start":{},"end":{}}],"line":13},"4":{"loc":{"start":{"line":13,"column":6},"end":{"line":13,"column":54}},"type":"binary-expr","locations":[{"start":{"line":13,"column":6},"end":{"line":13,"column":23}},{"start":{"line":13,"column":27},"end":{"line":13,"column":54}}],"line":13}},"s":{"0":1,"1":75,"2":54,"3":21,"4":9,"5":12,"6":0,"7":12},"f":{"0":75},"b":{"0":[54,21],"1":[75,21,21,0,21,0],"2":[9,12],"3":[0,12],"4":[12,12]},"_coverageSchema":"1a1c01bbd47fc00a2c39e90264f33305004495a9","hash":"103858c84d76ea7ba5314f3a415c3d5a47d1ec77"}
,"C:\\Users\\Vinicius\\Documents\\Studies\\boleto-api\\src\\services\\validators\\covenantBarCodeValidation.js": {"path":"C:\\Users\\Vinicius\\Documents\\Studies\\boleto-api\\src\\services\\validators\\covenantBarCodeValidation.js","statementMap":{"0":{"start":{"line":1,"column":0},"end":{"line":27,"column":2}},"1":{"start":{"line":2,"column":16},"end":{"line":2,"column":35}},"2":{"start":{"line":3,"column":16},"end":{"line":3,"column":44}},"3":{"start":{"line":4,"column":21},"end":{"line":4,"column":34}},"4":{"start":{"line":6,"column":15},"end":{"line":6,"column":45}},"5":{"start":{"line":8,"column":15},"end":{"line":8,"column":16}},"6":{"start":{"line":9,"column":20},"end":{"line":13,"column":7}},"7":{"start":{"line":10,"column":16},"end":{"line":10,"column":40}},"8":{"start":{"line":11,"column":4},"end":{"line":11,"column":43}},"9":{"start":{"line":12,"column":4},"end":{"line":12,"column":21}},"10":{"start":{"line":15,"column":23},"end":{"line":15,"column":37}},"11":{"start":{"line":18,"column":2},"end":{"line":24,"column":3}},"12":{"start":{"line":19,"column":4},"end":{"line":19,"column":11}},"13":{"start":{"line":20,"column":9},"end":{"line":24,"column":3}},"14":{"start":{"line":21,"column":4},"end":{"line":21,"column":11}},"15":{"start":{"line":23,"column":4},"end":{"line":23,"column":22}},"16":{"start":{"line":26,"column":2},"end":{"line":26,"column":39}}},"fnMap":{"0":{"name":"covenantBarCodeValidation","decl":{"start":{"line":1,"column":26},"end":{"line":1,"column":51}},"loc":{"start":{"line":1,"column":57},"end":{"line":27,"column":1}},"line":1},"1":{"name":"(anonymous_1)","decl":{"start":{"line":9,"column":32},"end":{"line":9,"column":33}},"loc":{"start":{"line":9,"column":50},"end":{"line":13,"column":3}},"line":9}},"branchMap":{"0":{"loc":{"start":{"line":11,"column":13},"end":{"line":11,"column":42}},"type":"cond-expr","locations":[{"start":{"line":11,"column":28},"end":{"line":11,"column":29}},{"start":{"line":11,"column":32},"end":{"line":11,"column":42}}],"line":11},"1":{"loc":{"start":{"line":18,"column":2},"end":{"line":24,"column":3}},"type":"if","locations":[{"start":{"line":18,"column":2},"end":{"line":24,"column":3}},{"start":{"line":20,"column":9},"end":{"line":24,"column":3}}],"line":18},"2":{"loc":{"start":{"line":18,"column":6},"end":{"line":18,"column":46}},"type":"binary-expr","locations":[{"start":{"line":18,"column":6},"end":{"line":18,"column":24}},{"start":{"line":18,"column":28},"end":{"line":18,"column":46}}],"line":18},"3":{"loc":{"start":{"line":20,"column":9},"end":{"line":24,"column":3}},"type":"if","locations":[{"start":{"line":20,"column":9},"end":{"line":24,"column":3}},{"start":{"line":22,"column":9},"end":{"line":24,"column":3}}],"line":20}},"s":{"0":1,"1":2,"2":2,"3":2,"4":2,"5":2,"6":2,"7":92,"8":92,"9":92,"10":2,"11":2,"12":0,"13":2,"14":0,"15":2,"16":2},"f":{"0":2,"1":92},"b":{"0":[10,82],"1":[0,2],"2":[2,2],"3":[0,2]},"_coverageSchema":"1a1c01bbd47fc00a2c39e90264f33305004495a9","hash":"9f1e4dfbee2bb607544f32b4e55a7f212ef644f6"}
,"C:\\Users\\Vinicius\\Documents\\Studies\\boleto-api\\src\\services\\validators\\titleBarCodeValidation.js": {"path":"C:\\Users\\Vinicius\\Documents\\Studies\\boleto-api\\src\\services\\validators\\titleBarCodeValidation.js","statementMap":{"0":{"start":{"line":1,"column":0},"end":{"line":22,"column":2}},"1":{"start":{"line":2,"column":16},"end":{"line":2,"column":35}},"2":{"start":{"line":3,"column":16},"end":{"line":3,"column":44}},"3":{"start":{"line":4,"column":21},"end":{"line":4,"column":34}},"4":{"start":{"line":6,"column":15},"end":{"line":6,"column":45}},"5":{"start":{"line":8,"column":15},"end":{"line":8,"column":16}},"6":{"start":{"line":10,"column":20},"end":{"line":14,"column":7}},"7":{"start":{"line":11,"column":16},"end":{"line":11,"column":40}},"8":{"start":{"line":12,"column":4},"end":{"line":12,"column":43}},"9":{"start":{"line":13,"column":4},"end":{"line":13,"column":21}},"10":{"start":{"line":16,"column":23},"end":{"line":16,"column":37}},"11":{"start":{"line":17,"column":11},"end":{"line":17,"column":28}},"12":{"start":{"line":19,"column":2},"end":{"line":19,"column":49}},"13":{"start":{"line":19,"column":42},"end":{"line":19,"column":49}},"14":{"start":{"line":21,"column":2},"end":{"line":21,"column":27}}},"fnMap":{"0":{"name":"titleBarCodeValidation","decl":{"start":{"line":1,"column":26},"end":{"line":1,"column":48}},"loc":{"start":{"line":1,"column":58},"end":{"line":22,"column":1}},"line":1},"1":{"name":"(anonymous_1)","decl":{"start":{"line":10,"column":32},"end":{"line":10,"column":33}},"loc":{"start":{"line":10,"column":50},"end":{"line":14,"column":3}},"line":10}},"branchMap":{"0":{"loc":{"start":{"line":12,"column":13},"end":{"line":12,"column":42}},"type":"cond-expr","locations":[{"start":{"line":12,"column":28},"end":{"line":12,"column":29}},{"start":{"line":12,"column":32},"end":{"line":12,"column":42}}],"line":12},"1":{"loc":{"start":{"line":19,"column":2},"end":{"line":19,"column":49}},"type":"if","locations":[{"start":{"line":19,"column":2},"end":{"line":19,"column":49}},{"start":{},"end":{}}],"line":19},"2":{"loc":{"start":{"line":19,"column":6},"end":{"line":19,"column":40}},"type":"binary-expr","locations":[{"start":{"line":19,"column":6},"end":{"line":19,"column":14}},{"start":{"line":19,"column":18},"end":{"line":19,"column":27}},{"start":{"line":19,"column":31},"end":{"line":19,"column":40}}],"line":19}},"s":{"0":1,"1":18,"2":18,"3":18,"4":18,"5":18,"6":18,"7":774,"8":774,"9":774,"10":18,"11":18,"12":18,"13":0,"14":18},"f":{"0":18,"1":774},"b":{"0":[90,684],"1":[0,18],"2":[18,18,18]},"_coverageSchema":"1a1c01bbd47fc00a2c39e90264f33305004495a9","hash":"6f111775ddb102b2858d2c6491c7b7b0618c0610"}
,"C:\\Users\\Vinicius\\Documents\\Studies\\boleto-api\\src\\services\\validators\\verifierDigitValidation.js": {"path":"C:\\Users\\Vinicius\\Documents\\Studies\\boleto-api\\src\\services\\validators\\verifierDigitValidation.js","statementMap":{"0":{"start":{"line":1,"column":0},"end":{"line":11,"column":2}},"1":{"start":{"line":2,"column":15},"end":{"line":2,"column":38}},"2":{"start":{"line":3,"column":20},"end":{"line":8,"column":7}},"3":{"start":{"line":4,"column":19},"end":{"line":4,"column":40}},"4":{"start":{"line":5,"column":14},"end":{"line":5,"column":40}},"5":{"start":{"line":6,"column":4},"end":{"line":6,"column":60}},"6":{"start":{"line":7,"column":4},"end":{"line":7,"column":21}},"7":{"start":{"line":10,"column":2},"end":{"line":10,"column":59}}},"fnMap":{"0":{"name":"verifierDigitValidation","decl":{"start":{"line":1,"column":26},"end":{"line":1,"column":49}},"loc":{"start":{"line":1,"column":59},"end":{"line":11,"column":1}},"line":1},"1":{"name":"(anonymous_1)","decl":{"start":{"line":3,"column":32},"end":{"line":3,"column":33}},"loc":{"start":{"line":3,"column":57},"end":{"line":8,"column":3}},"line":3}},"branchMap":{"0":{"loc":{"start":{"line":6,"column":10},"end":{"line":6,"column":59}},"type":"cond-expr","locations":[{"start":{"line":6,"column":20},"end":{"line":6,"column":53}},{"start":{"line":6,"column":56},"end":{"line":6,"column":59}}],"line":6}},"s":{"0":1,"1":2,"2":2,"3":21,"4":21,"5":21,"6":21,"7":2},"f":{"0":2,"1":21},"b":{"0":[2,19]},"_coverageSchema":"1a1c01bbd47fc00a2c39e90264f33305004495a9","hash":"066c71071d2825ddc81816d4e114a5371a26be2e"}
}
