TN:
SF:src\app.js
FN:4,(anonymous_0)
FN:9,(anonymous_1)
FNF:2
FNH:2
FNDA:1,(anonymous_0)
FNDA:1,(anonymous_1)
DA:1,1
DA:5,1
DA:6,1
DA:10,1
DA:14,1
LF:5
LH:5
BRF:0
BRH:0
end_of_record
TN:
SF:src\routes.js
FNF:0
FNH:0
DA:1,1
DA:2,1
DA:4,1
DA:6,1
LF:4
LH:4
BRF:0
BRH:0
end_of_record
TN:
SF:src\controller\boletoController.js
FN:9,(anonymous_0)
FNF:1
FNH:1
FNDA:12,(anonymous_0)
DA:1,1
DA:2,1
DA:3,1
DA:4,1
DA:6,1
DA:8,1
DA:10,12
DA:13,12
DA:17,12
DA:19,12
DA:20,6
DA:24,6
DA:25,3
DA:27,3
DA:31,6
LF:15
LH:15
BRDA:13,0,0,12
BRDA:13,0,1,0
BRDA:19,1,0,6
BRDA:19,1,1,6
BRDA:19,2,0,12
BRDA:19,2,1,9
BRDA:20,3,0,6
BRDA:20,3,1,0
BRDA:24,4,0,3
BRDA:24,4,1,3
BRF:10
BRH:8
end_of_record
TN:
SF:src\services\covenantService\barCodeService.js
FN:6,barCodeService
FNF:1
FNH:1
FNDA:1,barCodeService
DA:1,1
DA:2,1
DA:6,1
DA:7,1
DA:8,1
DA:10,1
DA:11,1
DA:13,1
DA:14,1
DA:16,1
DA:17,1
DA:19,1
DA:25,1
DA:27,0
DA:29,0
DA:31,0
LF:16
LH:13
BRDA:19,0,0,1
BRDA:19,0,1,0
BRDA:20,1,0,1
BRDA:20,1,1,0
BRDA:20,1,2,0
BRDA:20,1,3,0
BRF:6
BRH:2
end_of_record
TN:
SF:src\services\titleService\barCodeService.js
FN:6,barCodeService
FNF:1
FNH:1
FNDA:18,barCodeService
DA:1,1
DA:2,1
DA:6,1
DA:7,18
DA:8,18
DA:10,18
DA:11,18
DA:13,18
DA:14,18
DA:16,18
DA:21,0
DA:23,18
DA:24,18
DA:25,18
DA:26,18
DA:27,18
DA:28,18
DA:29,18
DA:32,18
DA:34,18
DA:36,12
LF:21
LH:20
BRDA:16,0,0,0
BRDA:16,0,1,18
BRDA:17,1,0,18
BRDA:17,1,1,18
BRDA:17,1,2,18
BRDA:34,2,0,6
BRDA:34,2,1,12
BRF:7
BRH:6
end_of_record
TN:
SF:src\services\titleService\boletoResultService.js
FN:5,getResult
FNF:1
FNH:1
FNDA:6,getResult
DA:1,1
DA:2,1
DA:3,1
DA:5,1
DA:6,6
DA:7,6
DA:8,6
DA:10,6
DA:16,6
LF:9
LH:9
BRF:0
BRH:0
end_of_record
TN:
SF:src\services\titleService\expirationDateService.js
FN:1,getDate
FNF:1
FNH:1
FNDA:6,getDate
DA:1,1
DA:2,6
DA:5,6
DA:6,6
DA:8,6
DA:9,6
DA:10,6
DA:12,6
LF:8
LH:8
BRDA:12,0,0,0
BRDA:12,0,1,6
BRF:2
BRH:1
end_of_record
TN:
SF:src\services\titleService\getAmountService.js
FN:1,getAmount
FNF:1
FNH:1
FNDA:6,getAmount
DA:1,1
DA:2,6
DA:5,6
DA:6,6
DA:8,6
LF:5
LH:5
BRF:0
BRH:0
end_of_record
TN:
SF:src\services\validators\barCodeValidation.js
FN:1,barCodeValidation
FNF:1
FNH:1
FNDA:75,barCodeValidation
DA:1,1
DA:2,75
DA:8,54
DA:10,21
DA:11,9
DA:13,12
DA:14,0
DA:16,12
LF:8
LH:7
BRDA:2,0,0,54
BRDA:2,0,1,21
BRDA:3,1,0,75
BRDA:3,1,1,21
BRDA:3,1,2,21
BRDA:3,1,3,0
BRDA:3,1,4,21
BRDA:3,1,5,0
BRDA:10,2,0,9
BRDA:10,2,1,12
BRDA:13,3,0,0
BRDA:13,3,1,12
BRDA:13,4,0,12
BRDA:13,4,1,12
BRF:14
BRH:11
end_of_record
TN:
SF:src\services\validators\covenantBarCodeValidation.js
FN:1,covenantBarCodeValidation
FN:9,(anonymous_1)
FNF:2
FNH:2
FNDA:2,covenantBarCodeValidation
FNDA:92,(anonymous_1)
DA:1,1
DA:2,2
DA:3,2
DA:4,2
DA:6,2
DA:8,2
DA:9,2
DA:10,92
DA:11,92
DA:12,92
DA:15,2
DA:18,2
DA:19,0
DA:20,2
DA:21,0
DA:23,2
DA:26,2
LF:17
LH:15
BRDA:11,0,0,10
BRDA:11,0,1,82
BRDA:18,1,0,0
BRDA:18,1,1,2
BRDA:18,2,0,2
BRDA:18,2,1,2
BRDA:20,3,0,0
BRDA:20,3,1,2
BRF:8
BRH:6
end_of_record
TN:
SF:src\services\validators\titleBarCodeValidation.js
FN:1,titleBarCodeValidation
FN:10,(anonymous_1)
FNF:2
FNH:2
FNDA:18,titleBarCodeValidation
FNDA:774,(anonymous_1)
DA:1,1
DA:2,18
DA:3,18
DA:4,18
DA:6,18
DA:8,18
DA:10,18
DA:11,774
DA:12,774
DA:13,774
DA:16,18
DA:17,18
DA:19,18
DA:21,18
LF:14
LH:14
BRDA:12,0,0,90
BRDA:12,0,1,684
BRDA:19,1,0,0
BRDA:19,1,1,18
BRDA:19,2,0,18
BRDA:19,2,1,18
BRDA:19,2,2,18
BRF:7
BRH:6
end_of_record
TN:
SF:src\services\validators\verifierDigitValidation.js
FN:1,verifierDigitValidation
FN:3,(anonymous_1)
FNF:2
FNH:2
FNDA:2,verifierDigitValidation
FNDA:21,(anonymous_1)
DA:1,1
DA:2,2
DA:3,2
DA:4,21
DA:5,21
DA:6,21
DA:7,21
DA:10,2
LF:8
LH:8
BRDA:6,0,0,2
BRDA:6,0,1,19
BRF:2
BRH:2
end_of_record
